<?xml version="1.0" encoding="UTF-8"?>
<testng-results ignored="0" total="1" passed="1" failed="0" skipped="0">
  <reporter-output>
  </reporter-output>
  <suite started-at="2024-12-20T15:50:50 IST" name="Default suite" finished-at="2024-12-20T15:51:04 IST" duration-ms="14104">
    <groups>
    </groups>
    <test started-at="2024-12-20T15:50:50 IST" name="Default test" finished-at="2024-12-20T15:51:04 IST" duration-ms="14104">
      <class name="drivenDemo.DataDriven_Testing">
        <test-method is-config="true" signature="setup()[pri:0, instance:drivenDemo.DataDriven_Testing@783a467b]" started-at="2024-12-20T15:50:50 IST" name="setup" finished-at="2024-12-20T15:50:56 IST" duration-ms="5741" status="PASS">
          <reporter-output>
          </reporter-output>
        </test-method> <!-- setup -->
        <test-method is-config="true" signature="urlopen()[pri:0, instance:drivenDemo.DataDriven_Testing@783a467b]" started-at="2024-12-20T15:50:56 IST" name="urlopen" finished-at="2024-12-20T15:50:58 IST" duration-ms="1676" status="PASS">
          <reporter-output>
          </reporter-output>
        </test-method> <!-- urlopen -->
        <test-method signature="test()[pri:0, instance:drivenDemo.DataDriven_Testing@783a467b]" started-at="2024-12-20T15:50:58 IST" name="test" finished-at="2024-12-20T15:51:04 IST" duration-ms="6565" status="PASS">
          <reporter-output>
          </reporter-output>
        </test-method> <!-- test -->
      </class> <!-- drivenDemo.DataDriven_Testing -->
    </test> <!-- Default test -->
  </suite> <!-- Default suite -->
</testng-results>
